INFO:main:SEND_GET_REQUEST url=https://jira.blogic.ru/rest/zapi/latest/cycle?projectId=13781&versionId=&id=&offset=&issueId=&expand=, headers: {'Content-Type': "application/json;charset='utf-8'", 'Authorization': 'Basic TXV0a2luOncxZjVpUDU2'}
INFO:main:RESPONSE: STATUS_CODE 200
INFO:main:JSON_IS_DECODED_SUCCESSFUL, [cycle,version]:[['901', 24033], ['903', 24302]]
INFO:main:SEND_GET_REQUEST url=https://jira.blogic.ru/rest/zapi/latest/execution?issueId=&projectId=&versionId=24033&offset=&action=&sorter=&expand=&limit=&folderId=&limit=1000&cycleId=901, headers: {'Content-Type': "application/json;charset='utf-8'", 'Authorization': 'Basic TXV0a2luOncxZjVpUDU2'}
INFO:main:RESPONSE: STATUS_CODE 200
INFO:main:Executions id: 15811
INFO:main:Executions id: 15796
INFO:main:JSON_IS_DECODED_SUCCESSFUL, [executionId, issueId,executionStatus,createdOn,uTime]:[[15811, 283547, '1', '09.08.2022 07:43', 1660012980.0], [15796, 283547, '-1', '08.08.2022 14:12', 1659949920.0]]
INFO:main:Cycle = 901, versionId=24033, lastExecutionCreated in 09.08.2022 07:43, lastExecutionStatus=1
INFO:main:SEND_PUT_REQUEST url=https://jira.blogic.ru/rest/zapi/latest/execution/16259/execute, headers: {'Content-Type': "application/json;charset='utf-8'", 'Authorization': 'Basic TXV0a2luOncxZjVpUDU2'}
INFO:main:RESPONSE: STATUS_CODE 200
INFO:main:Executions id: 16227
INFO:main:Executions id: 16220
INFO:main:Executions id: 15812
INFO:main:Executions id: 15776
INFO:main:Executions id: 15761
INFO:main:Executions id: 15745
INFO:main:Executions id: 14497
INFO:main:Executions id: 14400
INFO:main:JSON_IS_DECODED_SUCCESSFUL, [executionId, issueId,executionStatus,createdOn,uTime]:[[16227, 274842, '1', '31.08.2022 12:59', 1661932740.0], [16220, 274842, '2', '22.08.2022 09:36', 1661142960.0], [15812, 274842, '4', '09.08.2022 07:47', 1660013220.0], [15776, 274842, '2', '05.08.2022 07:27', 1659666420.0], [15761, 274842, '-1', '03.08.2022 13:52', 1659516720.0], [15745, 274842, '2', '01.08.2022 15:13', 1659348780.0], [14497, 274842, '2', '12.11.2021 12:31', 1636702260.0], [14400, 274842, '2', '01.11.2021 06:58', 1635731880.0]]
INFO:main:Cycle = 901, versionId=24033, lastExecutionCreated in 31.08.2022 12:59, lastExecutionStatus=1
INFO:main:SEND_PUT_REQUEST url=https://jira.blogic.ru/rest/zapi/latest/execution/16258/execute, headers: {'Content-Type': "application/json;charset='utf-8'", 'Authorization': 'Basic TXV0a2luOncxZjVpUDU2'}
INFO:main:RESPONSE: STATUS_CODE 200
INFO:main:Executions id: 16221
INFO:main:Executions id: 15973
INFO:main:Executions id: 15816
INFO:main:Executions id: 15784
INFO:main:Executions id: 15772
INFO:main:JSON_IS_DECODED_SUCCESSFUL, [executionId, issueId,executionStatus,createdOn,uTime]:[[16221, 282367, '2', '22.08.2022 09:36', 1661142960.0], [15973, 282367, '2', '15.08.2022 08:51', 1660535460.0], [15816, 282367, '4', '09.08.2022 07:47', 1660013220.0], [15784, 282367, '2', '05.08.2022 07:29', 1659666540.0], [15772, 282367, '2', '04.08.2022 09:42', 1659588120.0]]
INFO:main:Cycle = 901, versionId=24033, lastExecutionCreated in 22.08.2022 09:36, lastExecutionStatus=2
INFO:main:SEND_PUT_REQUEST url=https://jira.blogic.ru/rest/zapi/latest/execution/16257/execute, headers: {'Content-Type': "application/json;charset='utf-8'", 'Authorization': 'Basic TXV0a2luOncxZjVpUDU2'}
INFO:main:RESPONSE: STATUS_CODE 200
INFO:main:Executions id: 16296
INFO:main:Executions id: 16068
INFO:main:Executions id: 15806
INFO:main:JSON_IS_DECODED_SUCCESSFUL, [executionId, issueId,executionStatus,createdOn,uTime]:[[16296, 275507, '3', '08.09.2022 08:50', 1662609000.0], [16068, 275507, '4', '16.08.2022 11:47', 1660632420.0], [15806, 275507, '4', '09.08.2022 07:43', 1660012980.0]]
INFO:main:Cycle = 901, versionId=24033, lastExecutionCreated in 08.09.2022 08:50, lastExecutionStatus=3
INFO:main:SEND_PUT_REQUEST url=https://jira.blogic.ru/rest/zapi/latest/execution/16256/execute, headers: {'Content-Type': "application/json;charset='utf-8'", 'Authorization': 'Basic TXV0a2luOncxZjVpUDU2'}
INFO:main:RESPONSE: STATUS_CODE 200
INFO:main:Executions id: 16299
INFO:main:Executions id: 16293
INFO:main:Executions id: 16228
INFO:main:Executions id: 16224
INFO:main:Executions id: 15972
INFO:main:Executions id: 15815
INFO:main:Executions id: 15783
INFO:main:Executions id: 15774
INFO:main:JSON_IS_DECODED_SUCCESSFUL, [executionId, issueId,executionStatus,createdOn,uTime]:[[16299, 275347, '3', '08.09.2022 10:17', 1662614220.0], [16293, 275347, '2', '07.09.2022 08:22', 1662520920.0], [16228, 275347, '2', '31.08.2022 12:59', 1661932740.0], [16224, 275347, '2', '22.08.2022 09:38', 1661143080.0], [15972, 275347, '2', '15.08.2022 08:51', 1660535460.0], [15815, 275347, '4', '09.08.2022 07:47', 1660013220.0], [15783, 275347, '2', '05.08.2022 07:29', 1659666540.0], [15774, 275347, '2', '04.08.2022 09:42', 1659588120.0]]
INFO:main:Cycle = 901, versionId=24033, lastExecutionCreated in 08.09.2022 10:17, lastExecutionStatus=3
INFO:main:SEND_PUT_REQUEST url=https://jira.blogic.ru/rest/zapi/latest/execution/16255/execute, headers: {'Content-Type': "application/json;charset='utf-8'", 'Authorization': 'Basic TXV0a2luOncxZjVpUDU2'}
INFO:main:RESPONSE: STATUS_CODE 200
INFO:main:Executions id: 16067
INFO:main:Executions id: 15805
INFO:main:Executions id: 15795
INFO:main:JSON_IS_DECODED_SUCCESSFUL, [executionId, issueId,executionStatus,createdOn,uTime]:[[16067, 275506, '4', '16.08.2022 11:47', 1660632420.0], [15805, 275506, '2', '09.08.2022 07:43', 1660012980.0], [15795, 275506, '3', '05.08.2022 08:15', 1659669300.0]]
INFO:main:Cycle = 901, versionId=24033, lastExecutionCreated in 16.08.2022 11:47, lastExecutionStatus=4
INFO:main:SEND_PUT_REQUEST url=https://jira.blogic.ru/rest/zapi/latest/execution/16254/execute, headers: {'Content-Type': "application/json;charset='utf-8'", 'Authorization': 'Basic TXV0a2luOncxZjVpUDU2'}
INFO:main:RESPONSE: STATUS_CODE 200
INFO:main:Executions id: 16222
INFO:main:Executions id: 15975
INFO:main:Executions id: 15814
INFO:main:Executions id: 15782
INFO:main:Executions id: 15773
INFO:main:JSON_IS_DECODED_SUCCESSFUL, [executionId, issueId,executionStatus,createdOn,uTime]:[[16222, 275346, '1', '22.08.2022 09:36', 1661142960.0], [15975, 275346, '4', '15.08.2022 08:51', 1660535460.0], [15814, 275346, '2', '09.08.2022 07:47', 1660013220.0], [15782, 275346, '3', '05.08.2022 07:29', 1659666540.0], [15773, 275346, '-1', '04.08.2022 09:42', 1659588120.0]]
INFO:main:Cycle = 901, versionId=24033, lastExecutionCreated in 22.08.2022 09:36, lastExecutionStatus=1
INFO:main:SEND_PUT_REQUEST url=https://jira.blogic.ru/rest/zapi/latest/execution/16253/execute, headers: {'Content-Type': "application/json;charset='utf-8'", 'Authorization': 'Basic TXV0a2luOncxZjVpUDU2'}
INFO:main:RESPONSE: STATUS_CODE 200
INFO:main:Executions id: 16223
INFO:main:Executions id: 15974
INFO:main:Executions id: 15813
INFO:main:Executions id: 15781
INFO:main:Executions id: 15775
INFO:main:JSON_IS_DECODED_SUCCESSFUL, [executionId, issueId,executionStatus,createdOn,uTime]:[[16223, 275345, '1', '22.08.2022 09:38', 1661143080.0], [15974, 275345, '2', '15.08.2022 08:51', 1660535460.0], [15813, 275345, '2', '09.08.2022 07:47', 1660013220.0], [15781, 275345, '4', '05.08.2022 07:29', 1659666540.0], [15775, 275345, '3', '04.08.2022 09:42', 1659588120.0]]
INFO:main:Cycle = 901, versionId=24033, lastExecutionCreated in 22.08.2022 09:38, lastExecutionStatus=1
INFO:main:SEND_PUT_REQUEST url=https://jira.blogic.ru/rest/zapi/latest/execution/16252/execute, headers: {'Content-Type': "application/json;charset='utf-8'", 'Authorization': 'Basic TXV0a2luOncxZjVpUDU2'}
INFO:main:RESPONSE: STATUS_CODE 200
INFO:main:Executions id: 16295
INFO:main:Executions id: 16066
INFO:main:Executions id: 15970
INFO:main:Executions id: 15804
INFO:main:Executions id: 15793
INFO:main:Executions id: 15771
INFO:main:JSON_IS_DECODED_SUCCESSFUL, [executionId, issueId,executionStatus,createdOn,uTime]:[[16295, 275505, '2', '08.09.2022 08:50', 1662609000.0], [16066, 275505, '4', '16.08.2022 11:47', 1660632420.0], [15970, 275505, '2', '11.08.2022 08:18', 1660187880.0], [15804, 275505, '4', '09.08.2022 07:43', 1660012980.0], [15793, 275505, '2', '05.08.2022 07:32', 1659666720.0], [15771, 275505, '-1', '04.08.2022 08:26', 1659583560.0]]
INFO:main:Cycle = 901, versionId=24033, lastExecutionCreated in 08.09.2022 08:50, lastExecutionStatus=2
INFO:main:SEND_PUT_REQUEST url=https://jira.blogic.ru/rest/zapi/latest/execution/16251/execute, headers: {'Content-Type': "application/json;charset='utf-8'", 'Authorization': 'Basic TXV0a2luOncxZjVpUDU2'}
INFO:main:RESPONSE: STATUS_CODE 200
INFO:main:Executions id: 16298
INFO:main:Executions id: 16072
INFO:main:Executions id: 15810
INFO:main:Executions id: 15792
INFO:main:Executions id: 15769
INFO:main:Executions id: 15756
INFO:main:JSON_IS_DECODED_SUCCESSFUL, [executionId, issueId,executionStatus,createdOn,uTime]:[[16298, 275511, '3', '08.09.2022 08:50', 1662609000.0], [16072, 275511, '4', '16.08.2022 11:47', 1660632420.0], [15810, 275511, '4', '09.08.2022 07:43', 1660012980.0], [15792, 275511, '4', '05.08.2022 07:32', 1659666720.0], [15769, 275511, '4', '03.08.2022 14:22', 1659518520.0], [15756, 275511, '-1', '02.08.2022 08:04', 1659409440.0]]
INFO:main:Cycle = 901, versionId=24033, lastExecutionCreated in 08.09.2022 08:50, lastExecutionStatus=3
INFO:main:SEND_PUT_REQUEST url=https://jira.blogic.ru/rest/zapi/latest/execution/16250/execute, headers: {'Content-Type': "application/json;charset='utf-8'", 'Authorization': 'Basic TXV0a2luOncxZjVpUDU2'}
INFO:main:RESPONSE: STATUS_CODE 200
INFO:main:Executions id: 16071
INFO:main:Executions id: 15809
INFO:main:Executions id: 15794
INFO:main:Executions id: 15770
INFO:main:JSON_IS_DECODED_SUCCESSFUL, [executionId, issueId,executionStatus,createdOn,uTime]:[[16071, 275510, '4', '16.08.2022 11:47', 1660632420.0], [15809, 275510, '4', '09.08.2022 07:43', 1660012980.0], [15794, 275510, '4', '05.08.2022 07:32', 1659666720.0], [15770, 275510, '4', '03.08.2022 14:24', 1659518640.0]]
INFO:main:Cycle = 901, versionId=24033, lastExecutionCreated in 16.08.2022 11:47, lastExecutionStatus=4
INFO:main:SEND_PUT_REQUEST url=https://jira.blogic.ru/rest/zapi/latest/execution/16249/execute, headers: {'Content-Type': "application/json;charset='utf-8'", 'Authorization': 'Basic TXV0a2luOncxZjVpUDU2'}
INFO:main:RESPONSE: STATUS_CODE 200
INFO:main:Executions id: 16229
INFO:main:Executions id: 16070
INFO:main:Executions id: 15808
INFO:main:Executions id: 15791
INFO:main:Executions id: 15768
INFO:main:Executions id: 15754
INFO:main:JSON_IS_DECODED_SUCCESSFUL, [executionId, issueId,executionStatus,createdOn,uTime]:[[16229, 275509, '2', '31.08.2022 12:59', 1661932740.0], [16070, 275509, '4', '16.08.2022 11:47', 1660632420.0], [15808, 275509, '4', '09.08.2022 07:43', 1660012980.0], [15791, 275509, '4', '05.08.2022 07:32', 1659666720.0], [15768, 275509, '4', '03.08.2022 14:22', 1659518520.0], [15754, 275509, '-1', '02.08.2022 07:25', 1659407100.0]]
INFO:main:Cycle = 901, versionId=24033, lastExecutionCreated in 31.08.2022 12:59, lastExecutionStatus=2
INFO:main:SEND_PUT_REQUEST url=https://jira.blogic.ru/rest/zapi/latest/execution/16248/execute, headers: {'Content-Type': "application/json;charset='utf-8'", 'Authorization': 'Basic TXV0a2luOncxZjVpUDU2'}
INFO:main:RESPONSE: STATUS_CODE 200
INFO:main:Executions id: 16297
INFO:main:Executions id: 16069
INFO:main:Executions id: 15807
INFO:main:Executions id: 15790
INFO:main:Executions id: 15767
INFO:main:Executions id: 15753
INFO:main:JSON_IS_DECODED_SUCCESSFUL, [executionId, issueId,executionStatus,createdOn,uTime]:[[16297, 275508, '4', '08.09.2022 08:50', 1662609000.0], [16069, 275508, '4', '16.08.2022 11:47', 1660632420.0], [15807, 275508, '4', '09.08.2022 07:43', 1660012980.0], [15790, 275508, '4', '05.08.2022 07:32', 1659666720.0], [15767, 275508, '4', '03.08.2022 14:22', 1659518520.0], [15753, 275508, '-1', '02.08.2022 07:25', 1659407100.0]]
INFO:main:Cycle = 901, versionId=24033, lastExecutionCreated in 08.09.2022 08:50, lastExecutionStatus=4
INFO:main:SEND_PUT_REQUEST url=https://jira.blogic.ru/rest/zapi/latest/execution/16247/execute, headers: {'Content-Type': "application/json;charset='utf-8'", 'Authorization': 'Basic TXV0a2luOncxZjVpUDU2'}
INFO:main:RESPONSE: STATUS_CODE 200
INFO:main:Executions id: 16294
INFO:main:Executions id: 16063
INFO:main:Executions id: 15969
INFO:main:Executions id: 15801
INFO:main:JSON_IS_DECODED_SUCCESSFUL, [executionId, issueId,executionStatus,createdOn,uTime]:[[16294, 275499, '4', '07.09.2022 08:22', 1662520920.0], [16063, 275499, '4', '16.08.2022 11:47', 1660632420.0], [15969, 275499, '2', '11.08.2022 08:18', 1660187880.0], [15801, 275499, '2', '09.08.2022 07:43', 1660012980.0]]
INFO:main:Cycle = 901, versionId=24033, lastExecutionCreated in 07.09.2022 08:22, lastExecutionStatus=4
INFO:main:SEND_PUT_REQUEST url=https://jira.blogic.ru/rest/zapi/latest/execution/16246/execute, headers: {'Content-Type': "application/json;charset='utf-8'", 'Authorization': 'Basic TXV0a2luOncxZjVpUDU2'}
INFO:main:RESPONSE: STATUS_CODE 200
INFO:main:Executions id: 16062
INFO:main:Executions id: 15800
INFO:main:Executions id: 15788
INFO:main:Executions id: 15765
INFO:main:Executions id: 15755
INFO:main:JSON_IS_DECODED_SUCCESSFUL, [executionId, issueId,executionStatus,createdOn,uTime]:[[16062, 275498, '4', '16.08.2022 11:47', 1660632420.0], [15800, 275498, '2', '09.08.2022 07:43', 1660012980.0], [15788, 275498, '-1', '05.08.2022 07:32', 1659666720.0], [15765, 275498, '2', '03.08.2022 14:22', 1659518520.0], [15755, 275498, '3', '02.08.2022 07:58', 1659409080.0]]
INFO:main:Cycle = 901, versionId=24033, lastExecutionCreated in 16.08.2022 11:47, lastExecutionStatus=4
INFO:main:SEND_PUT_REQUEST url=https://jira.blogic.ru/rest/zapi/latest/execution/16245/execute, headers: {'Content-Type': "application/json;charset='utf-8'", 'Authorization': 'Basic TXV0a2luOncxZjVpUDU2'}
INFO:main:RESPONSE: STATUS_CODE 200
INFO:main:Executions id: 15834
INFO:main:Executions id: 15778
INFO:main:Executions id: 15762
INFO:main:Executions id: 15741
INFO:main:Executions id: 14140
INFO:main:Executions id: 13971
INFO:main:JSON_IS_DECODED_SUCCESSFUL, [executionId, issueId,executionStatus,createdOn,uTime]:[[15834, 273546, '1', '09.08.2022 08:39', 1660016340.0], [15778, 273546, '-1', '05.08.2022 07:28', 1659666480.0], [15762, 273546, '2', '03.08.2022 13:52', 1659516720.0], [15741, 273546, '2', '01.08.2022 15:13', 1659348780.0], [14140, 273546, '4', '27.09.2021 12:43', 1632728580.0], [13971, 273546, '-1', '24.09.2021 07:19', 1632449940.0]]
INFO:main:Cycle = 901, versionId=24033, lastExecutionCreated in 09.08.2022 08:39, lastExecutionStatus=1
INFO:main:SEND_PUT_REQUEST url=https://jira.blogic.ru/rest/zapi/latest/execution/16244/execute, headers: {'Content-Type': "application/json;charset='utf-8'", 'Authorization': 'Basic TXV0a2luOncxZjVpUDU2'}
INFO:main:RESPONSE: STATUS_CODE 200
INFO:main:Executions id: 16292
INFO:main:Executions id: 16230
INFO:main:Executions id: 16061
INFO:main:Executions id: 15971
INFO:main:Executions id: 15799
INFO:main:Executions id: 15787
INFO:main:Executions id: 15764
INFO:main:Executions id: 15751
INFO:main:JSON_IS_DECODED_SUCCESSFUL, [executionId, issueId,executionStatus,createdOn,uTime]:[[16292, 275497, '2', '07.09.2022 08:22', 1662520920.0], [16230, 275497, '2', '31.08.2022 12:59', 1661932740.0], [16061, 275497, '4', '16.08.2022 11:47', 1660632420.0], [15971, 275497, '2', '11.08.2022 08:22', 1660188120.0], [15799, 275497, '2', '09.08.2022 07:43', 1660012980.0], [15787, 275497, '2', '05.08.2022 07:32', 1659666720.0], [15764, 275497, '4', '03.08.2022 14:22', 1659518520.0], [15751, 275497, '-1', '02.08.2022 07:25', 1659407100.0]]
INFO:main:Cycle = 901, versionId=24033, lastExecutionCreated in 07.09.2022 08:22, lastExecutionStatus=2
INFO:main:SEND_PUT_REQUEST url=https://jira.blogic.ru/rest/zapi/latest/execution/16243/execute, headers: {'Content-Type': "application/json;charset='utf-8'", 'Authorization': 'Basic TXV0a2luOncxZjVpUDU2'}
INFO:main:RESPONSE: STATUS_CODE 200
INFO:main:Executions id: 15835
INFO:main:Executions id: 15779
INFO:main:Executions id: 15757
INFO:main:Executions id: 15742
INFO:main:JSON_IS_DECODED_SUCCESSFUL, [executionId, issueId,executionStatus,createdOn,uTime]:[[15835, 282446, '1', '09.08.2022 08:39', 1660016340.0], [15779, 282446, '-1', '05.08.2022 07:28', 1659666480.0], [15757, 282446, '2', '03.08.2022 13:52', 1659516720.0], [15742, 282446, '3', '01.08.2022 15:13', 1659348780.0]]
INFO:main:Cycle = 901, versionId=24033, lastExecutionCreated in 09.08.2022 08:39, lastExecutionStatus=1
INFO:main:SEND_PUT_REQUEST url=https://jira.blogic.ru/rest/zapi/latest/execution/16242/execute, headers: {'Content-Type': "application/json;charset='utf-8'", 'Authorization': 'Basic TXV0a2luOncxZjVpUDU2'}
INFO:main:RESPONSE: STATUS_CODE 200
INFO:main:Executions id: 16065
INFO:main:Executions id: 15803
INFO:main:JSON_IS_DECODED_SUCCESSFUL, [executionId, issueId,executionStatus,createdOn,uTime]:[[16065, 275501, '4', '16.08.2022 11:47', 1660632420.0], [15803, 275501, '2', '09.08.2022 07:43', 1660012980.0]]
INFO:main:Cycle = 901, versionId=24033, lastExecutionCreated in 16.08.2022 11:47, lastExecutionStatus=4
INFO:main:SEND_PUT_REQUEST url=https://jira.blogic.ru/rest/zapi/latest/execution/16241/execute, headers: {'Content-Type': "application/json;charset='utf-8'", 'Authorization': 'Basic TXV0a2luOncxZjVpUDU2'}
INFO:main:RESPONSE: STATUS_CODE 200
INFO:main:Executions id: 16291
INFO:main:Executions id: 16064
INFO:main:Executions id: 15802
INFO:main:Executions id: 15789
INFO:main:Executions id: 15766
INFO:main:Executions id: 15752
INFO:main:JSON_IS_DECODED_SUCCESSFUL, [executionId, issueId,executionStatus,createdOn,uTime]:[[16291, 275500, '4', '07.09.2022 08:22', 1662520920.0], [16064, 275500, '4', '16.08.2022 11:47', 1660632420.0], [15802, 275500, '2', '09.08.2022 07:43', 1660012980.0], [15789, 275500, '4', '05.08.2022 07:32', 1659666720.0], [15766, 275500, '4', '03.08.2022 14:22', 1659518520.0], [15752, 275500, '-1', '02.08.2022 07:25', 1659407100.0]]
INFO:main:Cycle = 901, versionId=24033, lastExecutionCreated in 07.09.2022 08:22, lastExecutionStatus=4
INFO:main:SEND_PUT_REQUEST url=https://jira.blogic.ru/rest/zapi/latest/execution/16240/execute, headers: {'Content-Type': "application/json;charset='utf-8'", 'Authorization': 'Basic TXV0a2luOncxZjVpUDU2'}
INFO:main:RESPONSE: STATUS_CODE 200
INFO:main:Executions id: 15836
INFO:main:Executions id: 15777
INFO:main:Executions id: 15758
INFO:main:Executions id: 15743
INFO:main:Executions id: 14138
INFO:main:Executions id: 13969
INFO:main:JSON_IS_DECODED_SUCCESSFUL, [executionId, issueId,executionStatus,createdOn,uTime]:[[15836, 273543, '2', '09.08.2022 08:39', 1660016340.0], [15777, 273543, '3', '05.08.2022 07:28', 1659666480.0], [15758, 273543, '2', '03.08.2022 13:52', 1659516720.0], [15743, 273543, '2', '01.08.2022 15:13', 1659348780.0], [14138, 273543, '4', '27.09.2021 12:43', 1632728580.0], [13969, 273543, '2', '24.09.2021 07:19', 1632449940.0]]
INFO:main:Cycle = 901, versionId=24033, lastExecutionCreated in 09.08.2022 08:39, lastExecutionStatus=2
INFO:main:SEND_PUT_REQUEST url=https://jira.blogic.ru/rest/zapi/latest/execution/16239/execute, headers: {'Content-Type': "application/json;charset='utf-8'", 'Authorization': 'Basic TXV0a2luOncxZjVpUDU2'}
INFO:main:RESPONSE: STATUS_CODE 200
INFO:main:Executions id: 15750
INFO:main:JSON_IS_DECODED_SUCCESSFUL, [executionId, issueId,executionStatus,createdOn,uTime]:[[15750, 275495, '1', '02.08.2022 07:25', 1659407100.0]]
INFO:main:Cycle = 901, versionId=24033, lastExecutionCreated in 02.08.2022 07:25, lastExecutionStatus=1
INFO:main:SEND_PUT_REQUEST url=https://jira.blogic.ru/rest/zapi/latest/execution/16238/execute, headers: {'Content-Type': "application/json;charset='utf-8'", 'Authorization': 'Basic TXV0a2luOncxZjVpUDU2'}
INFO:main:RESPONSE: STATUS_CODE 200
INFO:main:Executions id: 15833
INFO:main:Executions id: 15780
INFO:main:Executions id: 15759
INFO:main:Executions id: 15744
INFO:main:Executions id: 14137
INFO:main:Executions id: 13968
INFO:main:JSON_IS_DECODED_SUCCESSFUL, [executionId, issueId,executionStatus,createdOn,uTime]:[[15833, 273541, '2', '09.08.2022 08:39', 1660016340.0], [15780, 273541, '2', '05.08.2022 07:28', 1659666480.0], [15759, 273541, '3', '03.08.2022 13:52', 1659516720.0], [15744, 273541, '4', '01.08.2022 15:13', 1659348780.0], [14137, 273541, '-1', '27.09.2021 12:43', 1632728580.0], [13968, 273541, '2', '24.09.2021 07:19', 1632449940.0]]
INFO:main:Cycle = 901, versionId=24033, lastExecutionCreated in 09.08.2022 08:39, lastExecutionStatus=2
INFO:main:SEND_PUT_REQUEST url=https://jira.blogic.ru/rest/zapi/latest/execution/16237/execute, headers: {'Content-Type': "application/json;charset='utf-8'", 'Authorization': 'Basic TXV0a2luOncxZjVpUDU2'}
INFO:main:RESPONSE: STATUS_CODE 200
INFO:main:Executions id: 15797
INFO:main:Executions id: 15785
INFO:main:Executions id: 15763
INFO:main:Executions id: 15749
INFO:main:JSON_IS_DECODED_SUCCESSFUL, [executionId, issueId,executionStatus,createdOn,uTime]:[[15797, 275493, '1', '09.08.2022 07:43', 1660012980.0], [15785, 275493, '-1', '05.08.2022 07:32', 1659666720.0], [15763, 275493, '2', '03.08.2022 14:21', 1659518460.0], [15749, 275493, '3', '02.08.2022 07:25', 1659407100.0]]
INFO:main:Cycle = 901, versionId=24033, lastExecutionCreated in 09.08.2022 07:43, lastExecutionStatus=1
INFO:main:SEND_PUT_REQUEST url=https://jira.blogic.ru/rest/zapi/latest/execution/16236/execute, headers: {'Content-Type': "application/json;charset='utf-8'", 'Authorization': 'Basic TXV0a2luOncxZjVpUDU2'}
INFO:main:RESPONSE: STATUS_CODE 200
INFO:main:SEND_GET_REQUEST url=https://jira.blogic.ru/rest/zapi/latest/execution?issueId=&projectId=&versionId=24302&offset=&action=&sorter=&expand=&limit=&folderId=&limit=1000&cycleId=903, headers: {'Content-Type': "application/json;charset='utf-8'", 'Authorization': 'Basic TXV0a2luOncxZjVpUDU2'}
INFO:main:RESPONSE: STATUS_CODE 200
INFO:main:Executions id: 15512
INFO:main:JSON_IS_DECODED_SUCCESSFUL, [executionId, issueId,executionStatus,createdOn,uTime]:[[15512, 280792, '1', '06.05.2022 15:14', 1651832040.0]]
INFO:main:Cycle = 903, versionId=24302, lastExecutionCreated in 06.05.2022 15:14, lastExecutionStatus=1
INFO:main:SEND_PUT_REQUEST url=https://jira.blogic.ru/rest/zapi/latest/execution/16273/execute, headers: {'Content-Type': "application/json;charset='utf-8'", 'Authorization': 'Basic TXV0a2luOncxZjVpUDU2'}
INFO:main:RESPONSE: STATUS_CODE 200
INFO:main:Executions id: 15513
INFO:main:Executions id: 15511
INFO:main:Executions id: 15356
INFO:main:Executions id: 15347
INFO:main:Executions id: 15341
INFO:main:Executions id: 15323
INFO:main:JSON_IS_DECODED_SUCCESSFUL, [executionId, issueId,executionStatus,createdOn,uTime]:[[15513, 279072, '1', '16.05.2022 07:26', 1652667960.0], [15511, 279072, '4', '06.05.2022 15:14', 1651832040.0], [15356, 279072, '-1', '14.04.2022 16:38', 1649936280.0], [15347, 279072, '3', '12.04.2022 07:05', 1649729100.0], [15341, 279072, '-1', '11.04.2022 13:06', 1649664360.0], [15323, 279072, '2', '06.04.2022 07:12', 1649211120.0]]
INFO:main:Cycle = 903, versionId=24302, lastExecutionCreated in 16.05.2022 07:26, lastExecutionStatus=1
INFO:main:SEND_PUT_REQUEST url=https://jira.blogic.ru/rest/zapi/latest/execution/16272/execute, headers: {'Content-Type': "application/json;charset='utf-8'", 'Authorization': 'Basic TXV0a2luOncxZjVpUDU2'}
INFO:main:RESPONSE: STATUS_CODE 200
INFO:main:Executions id: 15510
INFO:main:Executions id: 15355
INFO:main:Executions id: 15346
INFO:main:Executions id: 15340
INFO:main:Executions id: 15324
INFO:main:JSON_IS_DECODED_SUCCESSFUL, [executionId, issueId,executionStatus,createdOn,uTime]:[[15510, 279071, '1', '06.05.2022 15:14', 1651832040.0], [15355, 279071, '-1', '14.04.2022 16:38', 1649936280.0], [15346, 279071, '2', '12.04.2022 07:05', 1649729100.0], [15340, 279071, '4', '11.04.2022 13:06', 1649664360.0], [15324, 279071, '4', '06.04.2022 07:12', 1649211120.0]]
INFO:main:Cycle = 903, versionId=24302, lastExecutionCreated in 06.05.2022 15:14, lastExecutionStatus=1
INFO:main:SEND_PUT_REQUEST url=https://jira.blogic.ru/rest/zapi/latest/execution/16271/execute, headers: {'Content-Type': "application/json;charset='utf-8'", 'Authorization': 'Basic TXV0a2luOncxZjVpUDU2'}
INFO:main:RESPONSE: STATUS_CODE 200
INFO:main:Executions id: 15509
INFO:main:Executions id: 15331
INFO:main:JSON_IS_DECODED_SUCCESSFUL, [executionId, issueId,executionStatus,createdOn,uTime]:[[15509, 275973, '1', '06.05.2022 15:14', 1651832040.0], [15331, 275973, '1', '06.04.2022 07:12', 1649211120.0]]
INFO:main:Cycle = 903, versionId=24302, lastExecutionCreated in 06.05.2022 15:14, lastExecutionStatus=1
INFO:main:SEND_PUT_REQUEST url=https://jira.blogic.ru/rest/zapi/latest/execution/16270/execute, headers: {'Content-Type': "application/json;charset='utf-8'", 'Authorization': 'Basic TXV0a2luOncxZjVpUDU2'}
INFO:main:RESPONSE: STATUS_CODE 200
INFO:main:Executions id: 15585
INFO:main:Executions id: 15514
INFO:main:Executions id: 15508
INFO:main:Executions id: 15354
INFO:main:Executions id: 15345
INFO:main:Executions id: 15339
INFO:main:Executions id: 15325
INFO:main:JSON_IS_DECODED_SUCCESSFUL, [executionId, issueId,executionStatus,createdOn,uTime]:[[15585, 275955, '1', '15.06.2022 14:53', 1655286780.0], [15514, 275955, '4', '16.05.2022 07:26', 1652667960.0], [15508, 275955, '4', '06.05.2022 15:14', 1651832040.0], [15354, 275955, '-1', '14.04.2022 16:38', 1649936280.0], [15345, 275955, '4', '12.04.2022 07:05', 1649729100.0], [15339, 275955, '4', '11.04.2022 13:06', 1649664360.0], [15325, 275955, '4', '06.04.2022 07:12', 1649211120.0]]
INFO:main:Cycle = 903, versionId=24302, lastExecutionCreated in 15.06.2022 14:53, lastExecutionStatus=1
INFO:main:SEND_PUT_REQUEST url=https://jira.blogic.ru/rest/zapi/latest/execution/16269/execute, headers: {'Content-Type': "application/json;charset='utf-8'", 'Authorization': 'Basic TXV0a2luOncxZjVpUDU2'}
INFO:main:RESPONSE: STATUS_CODE 200
INFO:main:Executions id: 15507
INFO:main:Executions id: 15353
INFO:main:Executions id: 15344
INFO:main:Executions id: 15338
INFO:main:Executions id: 15330
INFO:main:JSON_IS_DECODED_SUCCESSFUL, [executionId, issueId,executionStatus,createdOn,uTime]:[[15507, 275954, '1', '06.05.2022 15:14', 1651832040.0], [15353, 275954, '-1', '14.04.2022 16:38', 1649936280.0], [15344, 275954, '2', '12.04.2022 07:05', 1649729100.0], [15338, 275954, '-1', '11.04.2022 13:06', 1649664360.0], [15330, 275954, '2', '06.04.2022 07:12', 1649211120.0]]
INFO:main:Cycle = 903, versionId=24302, lastExecutionCreated in 06.05.2022 15:14, lastExecutionStatus=1
INFO:main:SEND_PUT_REQUEST url=https://jira.blogic.ru/rest/zapi/latest/execution/16268/execute, headers: {'Content-Type': "application/json;charset='utf-8'", 'Authorization': 'Basic TXV0a2luOncxZjVpUDU2'}
INFO:main:RESPONSE: STATUS_CODE 200
INFO:main:Executions id: 15506
INFO:main:Executions id: 15352
INFO:main:Executions id: 15343
INFO:main:Executions id: 15337
INFO:main:Executions id: 15327
INFO:main:JSON_IS_DECODED_SUCCESSFUL, [executionId, issueId,executionStatus,createdOn,uTime]:[[15506, 275953, '1', '06.05.2022 15:14', 1651832040.0], [15352, 275953, '-1', '14.04.2022 16:38', 1649936280.0], [15343, 275953, '3', '12.04.2022 07:05', 1649729100.0], [15337, 275953, '-1', '11.04.2022 13:06', 1649664360.0], [15327, 275953, '2', '06.04.2022 07:12', 1649211120.0]]
INFO:main:Cycle = 903, versionId=24302, lastExecutionCreated in 06.05.2022 15:14, lastExecutionStatus=1
INFO:main:SEND_PUT_REQUEST url=https://jira.blogic.ru/rest/zapi/latest/execution/16267/execute, headers: {'Content-Type': "application/json;charset='utf-8'", 'Authorization': 'Basic TXV0a2luOncxZjVpUDU2'}
INFO:main:RESPONSE: STATUS_CODE 200
INFO:main:Executions id: 15505
INFO:main:Executions id: 15351
INFO:main:Executions id: 15342
INFO:main:Executions id: 15336
INFO:main:Executions id: 15329
INFO:main:JSON_IS_DECODED_SUCCESSFUL, [executionId, issueId,executionStatus,createdOn,uTime]:[[15505, 275952, '1', '06.05.2022 15:14', 1651832040.0], [15351, 275952, '-1', '14.04.2022 16:38', 1649936280.0], [15342, 275952, '4', '12.04.2022 07:05', 1649729100.0], [15336, 275952, '4', '11.04.2022 13:06', 1649664360.0], [15329, 275952, '2', '06.04.2022 07:12', 1649211120.0]]
INFO:main:Cycle = 903, versionId=24302, lastExecutionCreated in 06.05.2022 15:14, lastExecutionStatus=1
INFO:main:SEND_PUT_REQUEST url=https://jira.blogic.ru/rest/zapi/latest/execution/16266/execute, headers: {'Content-Type': "application/json;charset='utf-8'", 'Authorization': 'Basic TXV0a2luOncxZjVpUDU2'}
INFO:main:RESPONSE: STATUS_CODE 200
INFO:main:Executions id: 15504
INFO:main:Executions id: 15328
INFO:main:JSON_IS_DECODED_SUCCESSFUL, [executionId, issueId,executionStatus,createdOn,uTime]:[[15504, 275951, '1', '06.05.2022 15:14', 1651832040.0], [15328, 275951, '1', '06.04.2022 07:12', 1649211120.0]]
INFO:main:Cycle = 903, versionId=24302, lastExecutionCreated in 06.05.2022 15:14, lastExecutionStatus=1
INFO:main:SEND_PUT_REQUEST url=https://jira.blogic.ru/rest/zapi/latest/execution/16265/execute, headers: {'Content-Type': "application/json;charset='utf-8'", 'Authorization': 'Basic TXV0a2luOncxZjVpUDU2'}
INFO:main:RESPONSE: STATUS_CODE 200
INFO:main:Executions id: 15503
INFO:main:Executions id: 15499
INFO:main:Executions id: 15496
INFO:main:Executions id: 15357
INFO:main:Executions id: 15348
INFO:main:Executions id: 15333
INFO:main:Executions id: 14501
INFO:main:JSON_IS_DECODED_SUCCESSFUL, [executionId, issueId,executionStatus,createdOn,uTime]:[[15503, 274840, '1', '06.05.2022 15:14', 1651832040.0], [15499, 274840, '1', '28.04.2022 08:55', 1651118100.0], [15496, 274840, '2', '21.04.2022 15:41', 1650537660.0], [15357, 274840, '-1', '14.04.2022 16:38', 1649936280.0], [15348, 274840, '2', '12.04.2022 10:37', 1649741820.0], [15333, 274840, '2', '06.04.2022 07:12', 1649211120.0], [14501, 274840, '2', '23.11.2021 10:11', 1637644260.0]]
INFO:main:Cycle = 903, versionId=24302, lastExecutionCreated in 06.05.2022 15:14, lastExecutionStatus=1
INFO:main:SEND_PUT_REQUEST url=https://jira.blogic.ru/rest/zapi/latest/execution/16264/execute, headers: {'Content-Type': "application/json;charset='utf-8'", 'Authorization': 'Basic TXV0a2luOncxZjVpUDU2'}
INFO:main:RESPONSE: STATUS_CODE 200
INFO:main:Executions id: 15502
INFO:main:Executions id: 15500
INFO:main:Executions id: 15497
INFO:main:Executions id: 15359
INFO:main:Executions id: 15350
INFO:main:Executions id: 15334
INFO:main:Executions id: 14502
INFO:main:JSON_IS_DECODED_SUCCESSFUL, [executionId, issueId,executionStatus,createdOn,uTime]:[[15502, 274841, '1', '06.05.2022 15:14', 1651832040.0], [15500, 274841, '1', '28.04.2022 08:55', 1651118100.0], [15497, 274841, '2', '21.04.2022 15:41', 1650537660.0], [15359, 274841, '-1', '14.04.2022 16:38', 1649936280.0], [15350, 274841, '2', '12.04.2022 10:37', 1649741820.0], [15334, 274841, '2', '06.04.2022 07:12', 1649211120.0], [14502, 274841, '1', '23.11.2021 10:11', 1637644260.0]]
INFO:main:Cycle = 903, versionId=24302, lastExecutionCreated in 06.05.2022 15:14, lastExecutionStatus=1
INFO:main:SEND_PUT_REQUEST url=https://jira.blogic.ru/rest/zapi/latest/execution/16263/execute, headers: {'Content-Type': "application/json;charset='utf-8'", 'Authorization': 'Basic TXV0a2luOncxZjVpUDU2'}
INFO:main:RESPONSE: STATUS_CODE 200
INFO:main:Executions id: 15501
INFO:main:Executions id: 15498
INFO:main:Executions id: 15495
INFO:main:Executions id: 15358
INFO:main:Executions id: 15349
INFO:main:Executions id: 15335
INFO:main:Executions id: 14500
INFO:main:JSON_IS_DECODED_SUCCESSFUL, [executionId, issueId,executionStatus,createdOn,uTime]:[[15501, 274839, '1', '06.05.2022 15:14', 1651832040.0], [15498, 274839, '1', '28.04.2022 08:55', 1651118100.0], [15495, 274839, '2', '21.04.2022 15:41', 1650537660.0], [15358, 274839, '-1', '14.04.2022 16:38', 1649936280.0], [15349, 274839, '2', '12.04.2022 10:37', 1649741820.0], [15335, 274839, '2', '06.04.2022 07:12', 1649211120.0], [14500, 274839, '1', '23.11.2021 10:11', 1637644260.0]]
INFO:main:Cycle = 903, versionId=24302, lastExecutionCreated in 06.05.2022 15:14, lastExecutionStatus=1
INFO:main:SEND_PUT_REQUEST url=https://jira.blogic.ru/rest/zapi/latest/execution/16262/execute, headers: {'Content-Type': "application/json;charset='utf-8'", 'Authorization': 'Basic TXV0a2luOncxZjVpUDU2'}
INFO:main:RESPONSE: STATUS_CODE 200
